[2025-09-27 09:41:33] * akkiles4321 ha entrado al canal
[2025-09-27 09:41:40] * ➡ Saliendo de #malaga
[2025-09-27 11:19:58] * akkiles4321 ha entrado al canal
[2025-09-27 11:22:15] * Adan50 ha entrado al canal
[2025-09-27 11:23:13] * Barbero37 ha entrado al canal
[2025-09-27 11:23:59] * Lord-Beerus ha entrado al canal
[2025-09-27 11:25:56] * Francisco5 ha entrado al canal
[2025-09-27 11:26:18] * __chico_jvn98 ha entrado al canal
[2025-09-27 11:26:30] * Sur5H ha entrado al canal
[2025-09-27 11:27:11] * membrillo5 ha entrado al canal
[2025-09-27 11:28:20] * Alex44 ha entrado al canal
[2025-09-27 11:30:03] * Espaniol ha entrado al canal
[2025-09-27 11:33:09] * andreamalaga ha entrado al canal
[2025-09-27 11:34:01] * Rubito87 ha entrado al canal
[2025-09-27 11:36:08] * Hombresurmlg ha entrado al canal
[2025-09-27 11:39:05] * APOLOX6 ha entrado al canal
[2025-09-27 11:39:35] * APOLOX6 ha salido del canal
[2025-09-27 11:40:47] * akkiles43211 ha entrado al canal
[2025-09-27 11:40:49] * akkiles43211 ha entrado al canal
[2025-09-27 11:41:22] * Mymparejamalaga ha entrado al canal
[2025-09-27 11:41:22] * Mymparejamalaga ha entrado al canal
[2025-09-27 11:41:41] * isabeel ha entrado al canal
[2025-09-27 11:41:41] * isabeel ha entrado al canal
[2025-09-27 11:41:43] * Mymparejamalaga ha entrado al canal
[2025-09-27 11:41:43] * Mymparejamalaga ha entrado al canal
[2025-09-27 11:42:22] * Parxparmlg ha entrado al canal
[2025-09-27 11:42:22] * Parxparmlg ha entrado al canal
[2025-09-27 11:43:32] * ➡ Saliendo de #malaga
[2025-09-27 11:43:32] * akkiles43211 ha salido del canal
[2025-09-27 11:43:48] * ➡ Saliendo de #malaga
[2025-09-27 11:44:40] * akkiles4321 ha entrado al canal
[2025-09-27 11:44:56] * Enfermeromalaga ha entrado al canal
[2025-09-27 11:45:49] * ➡ Saliendo de #malaga
[2025-09-27 12:07:08] * akkiles4321 ha entrado al canal
[2025-09-27 12:07:47] * AltoRudo ha entrado al canal
[2025-09-27 12:07:55] * ➡ Saliendo de #malaga
[2025-09-27 12:20:49] * akkiles4321 ha entrado al canal
[2025-09-27 12:23:11] * ParejaMaduraSerrania ha entrado al canal
[2025-09-27 12:28:05] * Miguel92 ha entrado al canal
[2025-09-27 12:28:10] * rutero ha entrado al canal
[2025-09-27 12:28:54] * Juan53 ha entrado al canal
[2025-09-27 12:31:11] * Alex44 ha entrado al canal
[2025-09-27 12:31:23] * espaguetti ha entrado al canal
[2025-09-27 12:32:33] * DesPIsTaa ha entrado al canal
[2025-09-27 12:33:13] * Maduro_ ha entrado al canal
[2025-09-27 12:33:31] * manu38 ha entrado al canal
[2025-09-27 12:36:23] * Manu__ ha entrado al canal
[2025-09-27 12:36:30] * akkiles43211 ha entrado al canal
[2025-09-27 12:36:32] * akkiles43211 ha entrado al canal
[2025-09-27 12:37:06] * OscarD54 ha entrado al canal
[2025-09-27 12:37:07] * OscarD54 ha entrado al canal
[2025-09-27 12:37:44] * ➡ Saliendo de #malaga
[2025-09-27 12:37:44] * akkiles43211 ha salido del canal
[2025-09-27 12:38:58] * May_ ha entrado al canal
[2025-09-27 12:41:10] * Agusstin ha entrado al canal
[2025-09-27 12:41:33] * Antoniomlg ha entrado al canal
[2025-09-27 12:41:47] * Colega44charla ha entrado al canal
[2025-09-27 12:44:08] * Sb ha entrado al canal
[2025-09-27 12:45:08] * cosagrande ha entrado al canal
[2025-09-27 12:45:11] * Subjetiva ha entrado al canal
[2025-09-27 12:45:19] * Manugym ha entrado al canal
[2025-09-27 12:46:38] * Javier46 ha entrado al canal
[2025-09-27 12:47:47] * CuriosoTorremolinos ha entrado al canal
[2025-09-27 12:49:17] * akkiles43211 ha entrado al canal
[2025-09-27 12:49:19] * akkiles43211 ha entrado al canal
[2025-09-27 12:50:04] * ➡ Saliendo de #malaga
[2025-09-27 12:50:04] * akkiles43211 ha salido del canal
[2025-09-27 12:55:32] * desconocid ha entrado al canal
[2025-09-27 12:55:46] * Manu__ ha salido del canal
[2025-09-27 12:55:55] * Paula31 ha entrado al canal
[2025-09-27 12:56:07] * desconocid ha salido del canal
[2025-09-27 12:56:38] * tomm55 ha entrado al canal
[2025-09-27 12:56:54] * May_7 ha entrado al canal
[2025-09-27 12:57:28] * Sur5H ha entrado al canal
[2025-09-27 12:58:21] * akkiles43211 ha entrado al canal
[2025-09-27 12:58:23] * akkiles43211 ha entrado al canal
[2025-09-27 12:58:31] * parejanudistamlg ha entrado al canal
[2025-09-27 12:58:31] * parejanudistamlg ha entrado al canal
[2025-09-27 12:58:49] * ➡ Saliendo de #malaga
[2025-09-27 12:58:49] * akkiles43211 ha salido del canal
[2025-09-27 12:59:02] * ➡ Saliendo de #malaga
[2025-09-27 12:59:56] * akkiles4321 ha entrado al canal
[2025-09-27 13:01:24] * ➡ Saliendo de #malaga
[2025-09-27 13:09:34] * akkiles4321 ha entrado al canal
[2025-09-27 13:10:32] * Chica1985 ha entrado al canal
[2025-09-27 13:10:39] * gsshhf ha entrado al canal
[2025-09-27 13:10:58] * arcayata ha entrado al canal
[2025-09-27 13:12:01] * ➡ Saliendo de #malaga
[2025-09-27 13:50:41] * akkiles4321 ha entrado al canal
[2025-09-27 13:51:41] * BaLLack96 ha entrado al canal
[2025-09-27 13:51:53] * ➡ Saliendo de #malaga
[2025-09-27 14:08:49] * akkiles4321 ha entrado al canal
[2025-09-27 14:09:13] * Chicamadrid36 ha salido del canal
[2025-09-27 14:10:42] * Nacchoo ha entrado al canal
[2025-09-27 14:11:27] * Amazonada ha entrado al canal
[2025-09-27 14:12:41] * Ezu1978 ha entrado al canal
[2025-09-27 14:13:55] * juanjo ha entrado al canal
[2025-09-27 14:15:11] * __MATIAS ha entrado al canal
[2025-09-27 14:16:21] * juanjo ha entrado al canal
[2025-09-27 14:17:11] * Csdo50M ha entrado al canal
[2025-09-27 14:17:31] * juanjo ha entrado al canal
[2025-09-27 14:24:21] * Discapacitado45 ha entrado al canal
[2025-09-27 14:24:58] * Maica56Mlg ha entrado al canal
[2025-09-27 14:25:15] * Rubito_calor ha entrado al canal
[2025-09-27 14:25:34] * akkiles43211 ha entrado al canal
[2025-09-27 14:25:36] * akkiles43211 ha entrado al canal
[2025-09-27 14:25:47] * ➡ Saliendo de #malaga
[2025-09-27 14:25:47] * akkiles43211 ha salido del canal
[2025-09-27 14:26:05] * ➡ Saliendo de #malaga
[2025-09-27 14:26:51] * akkiles4321 ha entrado al canal
[2025-09-27 14:27:24] * juanlusj ha entrado al canal
[2025-09-27 14:27:34] * May_ ha entrado al canal
[2025-09-27 14:27:59] * ➡ Saliendo de #malaga
[2025-09-27 14:42:20] * akkiles4321 ha entrado al canal
[2025-09-27 14:43:14] * ➡ Saliendo de #malaga
[2025-09-27 14:51:20] * akkiles4321 ha entrado al canal
[2025-09-27 14:53:45] * juanjo ha entrado al canal
[2025-09-27 14:54:11] * Moreno82 ha entrado al canal
[2025-09-27 14:56:00] * Tio-malaga40 ha entrado al canal
[2025-09-27 14:56:37] * ➡ Saliendo de #malaga
[2025-09-27 14:59:36] * akkiles4321 ha entrado al canal
[2025-09-27 14:59:48] * El_ArWen ha entrado al canal
[2025-09-27 15:00:13] * Maduro63xhbre ha entrado al canal
[2025-09-27 15:01:09] * Sb ha entrado al canal
[2025-09-27 15:01:46] * Adan50 ha entrado al canal
[2025-09-27 15:02:32] * __MATIAS ha entrado al canal
[2025-09-27 15:02:45] * Soniamalaaga ha entrado al canal
[2025-09-27 15:02:58] * ➡ Saliendo de #malaga
[2025-09-27 15:06:49] * akkiles4321 ha entrado al canal
[2025-09-27 15:08:25] * juanjo ha entrado al canal
[2025-09-27 15:08:30] * Madurito_50 ha entrado al canal
[2025-09-27 15:09:05] * Adan50 ha entrado al canal
[2025-09-27 15:11:28] * akkiles43211 ha entrado al canal
[2025-09-27 15:11:30] * akkiles43211 ha entrado al canal
[2025-09-27 15:11:33] * __chico_jvn98 ha entrado al canal
[2025-09-27 15:11:33] * __chico_jvn98 ha entrado al canal
[2025-09-27 15:13:46] * ➡ Saliendo de #malaga
[2025-09-27 15:13:46] * akkiles43211 ha salido del canal
[2025-09-27 15:13:58] * pinguina ha entrado al canal
[2025-09-27 15:13:59] * ➡ Saliendo de #malaga
[2025-09-27 15:18:35] * akkiles4321 ha entrado al canal
[2025-09-27 15:18:48] * akkiles43211 ha entrado al canal
[2025-09-27 15:18:49] * AltoRudo ha entrado al canal
[2025-09-27 15:18:50] * akkiles43211 ha entrado al canal
[2025-09-27 15:18:50] * AltoRudo ha entrado al canal
[2025-09-27 15:19:28] * Ywuwjw ha entrado al canal
[2025-09-27 15:19:28] * Ywuwjw ha entrado al canal
[2025-09-27 15:20:14] * Tricornio ha entrado al canal
[2025-09-27 15:20:14] * Tricornio ha entrado al canal
[2025-09-27 15:21:21] * ➡ Saliendo de #malaga
[2025-09-27 15:21:21] * akkiles43211 ha salido del canal
[2025-09-27 15:21:31] * ➡ Saliendo de #malaga
[2025-09-27 15:24:14] * akkiles4321 ha entrado al canal
[2025-09-27 15:24:26] * Josele ha entrado al canal
[2025-09-27 15:24:58] * Campillos ha entrado al canal
[2025-09-27 15:24:59] * casado39malaga ha entrado al canal
[2025-09-27 15:25:03] * akkiles43211 ha entrado al canal
[2025-09-27 15:25:05] * akkiles43211 ha entrado al canal
[2025-09-27 15:25:09] * hombredmlg ha entrado al canal
[2025-09-27 15:25:09] * hombredmlg ha entrado al canal
[2025-09-27 15:25:45] * Sur5H ha entrado al canal
[2025-09-27 15:25:45] * Sur5H ha entrado al canal
[2025-09-27 15:25:56] * Morenoalto29 ha entrado al canal
[2025-09-27 15:25:56] * Morenoalto29 ha entrado al canal
[2025-09-27 15:26:05] * ➡ Saliendo de #malaga
[2025-09-27 15:26:05] * akkiles43211 ha salido del canal
[2025-09-27 15:26:11] * ➡ Saliendo de #malaga
[2025-09-27 15:26:34] * akkiles43211 ha entrado al canal
[2025-09-27 15:26:42] * akkiles4321 ha entrado al canal
[2025-09-27 15:26:44] * akkiles4321 ha entrado al canal
[2025-09-27 15:26:44] * Agua ha entrado al canal
[2025-09-27 15:26:44] * Agua ha entrado al canal
[2025-09-27 15:28:20] * ➡ Saliendo de #malaga
[2025-09-27 15:28:20] * akkiles43211 ha salido del canal
[2025-09-27 15:28:42] * ➡ Saliendo de #malaga
[2025-09-27 15:54:35] * akkiles4321 ha entrado al canal
[2025-09-27 15:55:21] * akkiles43211 ha entrado al canal
[2025-09-27 15:55:23] * akkiles43211 ha entrado al canal
[2025-09-27 15:55:43] * Rebeca_Mlg ha entrado al canal
[2025-09-27 15:55:43] * Rebeca_Mlg ha entrado al canal
[2025-09-27 15:58:55] * Mlgman ha entrado al canal
[2025-09-27 15:58:55] * Mlgman ha entrado al canal
[2025-09-27 16:01:32] * Sergioo__ ha entrado al canal
[2025-09-27 16:01:32] * Sergioo__ ha entrado al canal
[2025-09-27 16:02:57] * Tetuani ha entrado al canal
[2025-09-27 16:02:57] * Tetuani ha entrado al canal
[2025-09-27 16:03:13] * Joseantonio67 ha entrado al canal
[2025-09-27 16:03:13] * Joseantonio67 ha entrado al canal
[2025-09-27 16:03:19] * Fermlg ha entrado al canal
[2025-09-27 16:03:19] * Fermlg ha entrado al canal
[2025-09-27 16:03:55] * Sammuuell ha entrado al canal
[2025-09-27 16:03:55] * Sammuuell ha entrado al canal
[2025-09-27 16:04:10] * MarbellaMujer ha entrado al canal
[2025-09-27 16:04:10] * MarbellaMujer ha entrado al canal
[2025-09-27 16:04:23] * Mjjer54 ha entrado al canal
[2025-09-27 16:04:23] * Mjjer54 ha entrado al canal
[2025-09-27 16:04:48] * maite-- ha entrado al canal
[2025-09-27 16:04:48] * maite-- ha entrado al canal
[2025-09-27 16:05:01] * Tetuani ha entrado al canal
[2025-09-27 16:05:01] * Tetuani ha entrado al canal
[2025-09-27 16:05:19] * ➡ Saliendo de #malaga
[2025-09-27 16:05:19] * akkiles43211 ha salido del canal
[2025-09-27 16:05:26] * ➡ Saliendo de #malaga
[2025-09-27 16:13:20] * akkiles4321 ha entrado al canal
[2025-09-27 16:13:28] * Jose_Mlg ha entrado al canal
[2025-09-27 16:13:34] * Adan50 ha entrado al canal
[2025-09-27 16:13:42] * akkiles43211 ha entrado al canal
[2025-09-27 16:13:44] * akkiles43211 ha entrado al canal
[2025-09-27 16:14:39] * ➡ Saliendo de #malaga
[2025-09-27 16:14:39] * akkiles4321 ha salido del canal
[2025-09-27 16:14:47] * ➡ Saliendo de #malaga
[2025-09-27 16:18:03] * akkiles4321 ha entrado al canal
[2025-09-27 16:18:13] * forero_medio ha entrado al canal
[2025-09-27 16:18:39] * GuarachaDj ha entrado al canal
[2025-09-27 16:18:50] * akkiles43211 ha entrado al canal
[2025-09-27 16:18:50] * Chicodel82 ha entrado al canal
[2025-09-27 16:18:52] * akkiles43211 ha entrado al canal
[2025-09-27 16:18:52] * Chicodel82 ha entrado al canal
[2025-09-27 16:19:00] * Hombredemlg ha entrado al canal
[2025-09-27 16:19:00] * Hombredemlg ha entrado al canal
[2025-09-27 16:19:59] * Sammuuell ha entrado al canal
[2025-09-27 16:19:59] * Sammuuell ha entrado al canal
[2025-09-27 16:20:28] * ➡ Saliendo de #malaga
[2025-09-27 16:20:28] * akkiles4321 ha salido del canal
[2025-09-27 16:20:31] * ➡ Saliendo de #malaga
[2025-09-27 16:39:38] * akkiles4321 ha entrado al canal
[2025-09-27 16:40:17] * akkiles43211 ha entrado al canal
[2025-09-27 16:40:19] * Mijas ha entrado al canal
[2025-09-27 16:40:19] * akkiles43211 ha entrado al canal
[2025-09-27 16:40:19] * Mijas ha entrado al canal
[2025-09-27 16:41:15] * waezu ha entrado al canal
[2025-09-27 16:41:15] * waezu ha entrado al canal
[2025-09-27 16:41:20] * ➡ Saliendo de #malaga
[2025-09-27 16:41:20] * akkiles43211 ha salido del canal
[2025-09-27 16:41:26] * ➡ Saliendo de #malaga
[2025-09-27 17:03:52] * akkiles4321 ha entrado al canal
[2025-09-27 17:04:46] * akkiles43211 ha entrado al canal
[2025-09-27 17:04:48] * akkiles43211 ha entrado al canal
[2025-09-27 17:04:53] * Hombrelibre ha entrado al canal
[2025-09-27 17:04:53] * Hombrelibre ha entrado al canal
[2025-09-27 17:05:43] * May_ ha entrado al canal
[2025-09-27 17:05:43] * May_ ha entrado al canal
[2025-09-27 17:05:48] * ➡ Saliendo de #malaga
[2025-09-27 17:05:48] * akkiles43211 ha salido del canal
[2025-09-27 17:05:49] * Fernando-58 ha entrado al canal
[2025-09-27 17:06:18] * ➡ Saliendo de #malaga
[2025-09-27 17:11:36] * akkiles4321 ha entrado al canal
[2025-09-27 17:11:49] * waezu ha entrado al canal
[2025-09-27 17:12:06] * Espineta_ ha entrado al canal
[2025-09-27 17:12:08] * akkiles43211 ha entrado al canal
[2025-09-27 17:12:10] * akkiles43211 ha entrado al canal
[2025-09-27 17:12:45] * ➡ Saliendo de #malaga
[2025-09-27 17:12:45] * akkiles4321 ha salido del canal
[2025-09-27 17:12:52] * ➡ Saliendo de #malaga
[2025-09-27 17:16:02] * akkiles4321 ha entrado al canal
[2025-09-27 17:16:10] * Chic-999 ha entrado al canal
[2025-09-27 17:16:21] * Bomberoomalagaaa ha entrado al canal
[2025-09-27 17:16:39] * akkiles43211 ha entrado al canal
[2025-09-27 17:16:41] * akkiles43211 ha entrado al canal
[2025-09-27 17:17:08] * ➡ Saliendo de #malaga
[2025-09-27 17:17:08] * akkiles43211 ha salido del canal
[2025-09-27 17:17:21] * Terra8261 ha entrado al canal
[2025-09-27 17:17:23] * ➡ Saliendo de #malaga
[2025-09-27 17:20:48] * akkiles4321 ha entrado al canal
[2025-09-27 17:21:26] * akkiles43211 ha entrado al canal
[2025-09-27 17:21:28] * akkiles43211 ha entrado al canal
[2025-09-27 17:22:09] * ➡ Saliendo de #malaga
[2025-09-27 17:22:09] * akkiles43211 ha salido del canal
[2025-09-27 17:22:18] * ➡ Saliendo de #malaga
[2025-09-27 17:35:50] * akkiles4321 ha entrado al canal
[2025-09-27 17:36:11] * malaga42 ha entrado al canal
[2025-09-27 17:36:13] * HombreGr55 ha entrado al canal
[2025-09-27 17:36:22] * gaydiscr48 ha entrado al canal
[2025-09-27 17:37:04] * Agusstin ha entrado al canal
[2025-09-27 17:37:04] * a_mi_dejadme_tranquilo ha entrado al canal
[2025-09-27 17:37:13] * akkiles43211 ha entrado al canal
[2025-09-27 17:37:15] * akkiles43211 ha entrado al canal
[2025-09-27 17:37:22] * ➡ Saliendo de #malaga
[2025-09-27 17:37:22] * akkiles43211 ha salido del canal
[2025-09-27 17:37:25] * akkiles43211 ha entrado al canal
[2025-09-27 17:37:27] * akkiles43211 ha entrado al canal
[2025-09-27 17:37:27] * Su ha entrado al canal
[2025-09-27 17:37:27] * Su ha entrado al canal
[2025-09-27 17:38:11] * ➡ Saliendo de #malaga
[2025-09-27 17:38:11] * akkiles4321 ha salido del canal
[2025-09-27 17:38:16] * ➡ Saliendo de #malaga
[2025-09-27 17:38:34] * akkiles4321 ha entrado al canal
[2025-09-27 17:38:35] * Su ha entrado al canal
[2025-09-27 17:38:52] * Adan50 ha entrado al canal
[2025-09-27 17:38:52] * akkiles43211 ha entrado al canal
[2025-09-27 17:38:54] * akkiles43211 ha entrado al canal
[2025-09-27 17:39:04] * frank69 ha entrado al canal
[2025-09-27 17:39:06] * a_mi_dejadme_tranquilo ha salido del canal
[2025-09-27 17:40:11] * Terra8261 ha entrado al canal
[2025-09-27 17:40:14] * ➡ Saliendo de #malaga
[2025-09-27 17:41:18] * akkiles4321 ha entrado al canal
[2025-09-27 17:50:10] * akkiles4321 ha entrado al canal
[2025-09-27 17:50:16] * ➡ Saliendo de #malaga
[2025-09-27 17:56:29] * akkiles4321 ha entrado al canal
[2025-09-27 17:56:53] * ➡ Saliendo de #malaga
[2025-09-27 17:57:02] * akkiles4321 ha entrado al canal
[2025-09-27 17:57:09] * ➡ Saliendo de #malaga
[2025-09-27 18:02:19] * akkiles4321 ha entrado al canal
[2025-09-27 18:02:28] * ➡ Saliendo de #malaga
[2025-09-27 18:03:41] * akkiles4321 ha entrado al canal
[2025-09-27 18:04:02] * ➡ Saliendo de #malaga
[2025-09-27 18:10:13] * akkiles43211 ha entrado al canal
[2025-09-27 18:10:22] * ➡ Saliendo de #malaga
[2025-09-27 18:48:52] * akkiles4321 ha entrado al canal
[2025-09-27 18:49:00] * ➡ Saliendo de #malaga
[2025-09-27 19:05:51] * akkiles4321 ha entrado al canal
[2025-09-27 19:05:58] * Marbellachico ha entrado al canal
[2025-09-27 19:06:34] * akkiles43211 ha entrado al canal
[2025-09-27 19:06:36] * akkiles43211 ha entrado al canal
[2025-09-27 19:06:43] * Javiss ha entrado al canal
[2025-09-27 19:06:43] * Javiss ha entrado al canal
[2025-09-27 19:08:16] * culocuon69 ha entrado al canal
[2025-09-27 19:08:16] * culocuon69 ha entrado al canal
[2025-09-27 19:08:33] * ➡ Saliendo de #malaga
[2025-09-27 19:08:33] * akkiles43211 ha salido del canal
[2025-09-27 19:08:49] * ➡ Saliendo de #malaga
[2025-09-28 08:00:11] * akkiles4321 ha entrado al canal
[2025-09-28 08:00:11] * Lob040 ha entrado al canal
[2025-09-28 08:00:12] * Calambre ha entrado al canal
[2025-09-28 08:00:47] * chicosenegales41 ha entrado al canal
[2025-09-28 08:00:53] * akkiles43211 ha entrado al canal
[2025-09-28 08:00:55] * akkiles43211 ha entrado al canal
[2025-09-28 08:01:17] * _JaviGym22 ha entrado al canal
[2025-09-28 08:01:17] * _JaviGym22 ha entrado al canal
[2025-09-28 08:01:43] * Lob040 ha entrado al canal
[2025-09-28 08:01:43] * Lob040 ha entrado al canal
[2025-09-28 08:02:37] * Davidmlg ha entrado al canal
[2025-09-28 08:02:37] * Davidmlg ha entrado al canal
[2025-09-28 08:03:06] * ➡ Saliendo de #malaga
[2025-09-28 08:03:06] * akkiles43211 ha salido del canal
[2025-09-28 08:03:15] * ➡ Saliendo de #malaga
[2025-09-28 09:37:17] * akkiles43211 ha entrado al canal
[2025-09-28 09:37:32] * Danielboker ha entrado al canal
[2025-09-28 09:37:59] * akkiles4321 ha entrado al canal
[2025-09-28 09:38:00] * akkiles4321 ha entrado al canal
[2025-09-28 09:38:06] * Kike47 ha entrado al canal
[2025-09-28 09:38:06] * Kike47 ha entrado al canal
[2025-09-28 09:39:05] * ➡ Saliendo de #malaga
[2025-09-28 10:24:02] * akkiles4321 ha entrado al canal
[2025-09-28 10:24:02] * Juan53 ha entrado al canal
[2025-09-28 10:24:55] * akkiles43211 ha entrado al canal
[2025-09-28 10:24:57] * akkiles43211 ha entrado al canal
[2025-09-28 10:26:24] * Malaguito ha entrado al canal
[2025-09-28 10:26:24] * Malaguito ha entrado al canal
[2025-09-28 10:26:39] * Gay60_MALAGA_MADURO ha entrado al canal
[2025-09-28 10:26:39] * Gay60_MALAGA_MADURO ha entrado al canal
[2025-09-28 10:27:30] * MaduroMlga ha entrado al canal
[2025-09-28 10:27:30] * MaduroMlga ha entrado al canal
[2025-09-28 10:28:16] * ➡ Saliendo de #malaga
[2025-09-28 10:28:16] * akkiles43211 ha salido del canal
[2025-09-28 10:28:23] * ➡ Saliendo de #malaga
[2025-09-28 10:31:44] * akkiles4321 ha entrado al canal
[2025-09-28 10:32:10] * gaydiscr ha entrado al canal
[2025-09-28 10:32:21] * akkiles43212 ha entrado al canal
[2025-09-28 10:32:23] * akkiles43212 ha entrado al canal
[2025-09-28 10:33:09] * Jose29 ha entrado al canal
[2025-09-28 10:33:09] * Jose29 ha entrado al canal
[2025-09-28 10:34:00] * ➡ Saliendo de #malaga
[2025-09-28 10:34:00] * akkiles4321 ha salido del canal
[2025-09-28 10:34:09] * ➡ Saliendo de #malaga
[2025-09-28 10:48:42] * akkiles4321 ha entrado al canal
[2025-09-28 10:49:33] * akkiles43211 ha entrado al canal
[2025-09-28 10:49:35] * akkiles43211 ha entrado al canal
[2025-09-28 10:51:18] * ➡ Saliendo de #malaga
[2025-09-28 10:51:18] * akkiles4321 ha salido del canal
[2025-09-28 10:51:27] * ➡ Saliendo de #malaga
[2025-09-28 10:56:10] * akkiles4321 ha entrado al canal
[2025-09-28 10:56:56] * akkiles43212 ha entrado al canal
[2025-09-28 10:56:58] * akkiles43212 ha entrado al canal
[2025-09-28 10:57:27] * MaduroMlga ha entrado al canal
[2025-09-28 10:57:27] * MaduroMlga ha entrado al canal
[2025-09-28 10:58:57] * Daniel_4 ha entrado al canal
[2025-09-28 10:58:57] * Daniel_4 ha entrado al canal
[2025-09-28 10:58:59] * ➡ Saliendo de #malaga
[2025-09-28 10:58:59] * akkiles43212 ha salido del canal
[2025-09-28 10:59:13] * ➡ Saliendo de #malaga
[2025-09-28 12:10:39] * akkiles4321 ha entrado al canal
[2025-09-28 12:11:21] * akkiles43211 ha entrado al canal
[2025-09-28 12:11:23] * akkiles43211 ha entrado al canal
[2025-09-28 12:11:48] * Sur5H ha entrado al canal
[2025-09-28 12:11:48] * Sur5H ha entrado al canal
[2025-09-28 12:12:25] * Rodway ha entrado al canal
[2025-09-28 12:12:25] * Rodway ha entrado al canal
[2025-09-28 12:12:55] * ➡ Saliendo de #malaga
[2025-09-28 12:12:55] * akkiles4321 ha salido del canal
[2025-09-28 12:13:05] * ➡ Saliendo de #malaga
[2025-09-28 12:19:54] * akkiles4321 ha entrado al canal
[2025-09-28 12:20:30] * Chico43 ha entrado al canal
[2025-09-28 12:20:40] * akkiles43211 ha entrado al canal
[2025-09-28 12:20:42] * akkiles43211 ha entrado al canal
[2025-09-28 12:21:24] * Guest2314 ha entrado al canal
[2025-09-28 12:21:24] * Guest2314 ha entrado al canal
[2025-09-28 12:22:56] * rodway ha entrado al canal
[2025-09-28 12:22:56] * rodway ha entrado al canal
[2025-09-28 12:23:12] * ➡ Saliendo de #malaga
[2025-09-28 12:23:12] * akkiles43211 ha salido del canal
[2025-09-28 12:23:23] * ➡ Saliendo de #malaga
[2025-09-28 12:37:00] * akkiles43212 ha entrado al canal
[2025-09-28 12:37:14] * Mijas ha entrado al canal
[2025-09-28 12:38:56] * akkiles4321 ha entrado al canal
[2025-09-28 12:39:13] * Xico_44 ha entrado al canal
[2025-09-28 12:39:16] * Xico_44 ha salido del canal
[2025-09-28 12:39:51] * Paula31 ha entrado al canal
[2025-09-28 12:40:54] * AhmedMaduroXMujrAmistd ha entrado al canal
[2025-09-28 12:40:57] * AhmedMaduroXMujrAmistd ha salido del canal
[2025-09-28 12:41:09] * akkiles43211 ha entrado al canal
[2025-09-28 12:41:11] * akkiles43211 ha entrado al canal
[2025-09-28 12:41:35] * carmen_38 ha entrado al canal
[2025-09-28 12:41:35] * carmen_38 ha entrado al canal
[2025-09-28 12:42:29] * ➡ Saliendo de #malaga
[2025-09-28 12:42:29] * akkiles43211 ha salido del canal
[2025-09-28 12:42:33] * ➡ Saliendo de #malaga
[2025-09-28 13:51:05] * akkiles4321 ha entrado al canal
[2025-09-28 13:51:39] * algomuygrande ha entrado al canal
[2025-09-28 13:51:46] * akkiles43211 ha entrado al canal
[2025-09-28 13:51:48] * akkiles43211 ha entrado al canal
[2025-09-28 13:51:56] * Xico_Rifter ha entrado al canal
[2025-09-28 13:51:56] * Xico_Rifter ha entrado al canal
[2025-09-28 13:52:26] * rutero ha salido del canal
[2025-09-28 13:52:26] * rutero ha salido del canal
[2025-09-28 13:53:39] * ➡ Saliendo de #malaga
[2025-09-28 13:53:39] * akkiles43211 ha salido del canal
[2025-09-28 13:53:51] * ➡ Saliendo de #malaga
[2025-09-28 14:10:41] * akkiles4321 ha entrado al canal
[2025-09-28 14:10:53] * akkiles43211 ha entrado al canal
[2025-09-28 14:10:55] * akkiles43211 ha entrado al canal
[2025-09-28 14:13:31] * carmela57 ha entrado al canal
[2025-09-28 14:13:31] * carmela57 ha entrado al canal
[2025-09-28 14:14:40] * MarcosAtractivo ha entrado al canal
[2025-09-28 14:14:40] * MarcosAtractivo ha entrado al canal
[2025-09-28 14:14:46] * Malagueno37 ha entrado al canal
[2025-09-28 14:14:46] * Malagueno37 ha entrado al canal
[2025-09-28 14:15:01] * MarcosAtractivo ha salido del canal
[2025-09-28 14:15:01] * MarcosAtractivo ha salido del canal
[2025-09-28 14:16:42] * kke88 ha entrado al canal
[2025-09-28 14:16:42] * kke88 ha entrado al canal
[2025-09-28 14:17:11] * enfermeroteatinos ha entrado al canal
[2025-09-28 14:17:11] * enfermeroteatinos ha entrado al canal
[2025-09-28 14:17:43] * Casadoparamujer ha entrado al canal
[2025-09-28 14:17:43] * Casadoparamujer ha entrado al canal
[2025-09-28 14:17:47] * Paula31 ha entrado al canal
[2025-09-28 14:17:47] * Paula31 ha entrado al canal
[2025-09-28 14:21:13] * invitado565 ha entrado al canal
[2025-09-28 14:21:13] * invitado565 ha entrado al canal
[2025-09-28 14:21:39] * Ivan0129 ha entrado al canal
[2025-09-28 14:21:39] * Ivan0129 ha entrado al canal
[2025-09-28 14:21:44] * chicoo ha entrado al canal
[2025-09-28 14:21:44] * chicoo ha entrado al canal
[2025-09-28 14:22:58] * MaduroJerez48 ha entrado al canal
[2025-09-28 14:22:58] * MaduroJerez48 ha entrado al canal
[2025-09-28 14:23:13] * MaduroJerez48 ha salido del canal
[2025-09-28 14:23:13] * MaduroJerez48 ha salido del canal
[2025-09-28 14:23:15] * carmela57 ha entrado al canal
[2025-09-28 14:23:15] * carmela57 ha entrado al canal
[2025-09-28 14:24:23] * Ivan0129 ha entrado al canal
[2025-09-28 14:24:23] * Ivan0129 ha entrado al canal
[2025-09-28 14:25:16] * antequerano60 ha entrado al canal
[2025-09-28 14:25:16] * antequerano60 ha entrado al canal
[2025-09-28 14:25:18] * Maduro_63_ ha entrado al canal
[2025-09-28 14:25:18] * Maduro_63_ ha entrado al canal
[2025-09-28 14:30:08] * ➡ Saliendo de #malaga
[2025-09-28 14:30:08] * akkiles43211 ha salido del canal
[2025-09-28 14:33:29] * akkiles4321 ha entrado al canal
[2025-09-28 14:33:37] * akkiles43211 ha entrado al canal
[2025-09-28 14:33:39] * akkiles43211 ha entrado al canal
[2025-09-28 14:34:27] * Kike47 ha entrado al canal
[2025-09-28 14:34:27] * Kike47 ha entrado al canal
[2025-09-28 14:35:32] * ➡ Saliendo de #malaga
[2025-09-28 14:35:32] * akkiles43211 ha salido del canal
[2025-09-28 14:35:44] * ➡ Saliendo de #malaga
[2025-09-28 15:53:37] * akkiles4321 ha entrado al canal
[2025-09-28 15:53:50] * Rodway ha entrado al canal
[2025-09-28 15:54:06] * Casado123 ha entrado al canal
[2025-09-28 15:55:03] * May_ ha entrado al canal
[2025-09-28 15:56:00] * akkiles43211 ha entrado al canal
[2025-09-28 15:56:02] * akkiles43211 ha entrado al canal
[2025-09-28 15:57:05] * rodway ha entrado al canal
[2025-09-28 15:57:05] * rodway ha entrado al canal
[2025-09-28 15:57:42] * Oscar45mlg ha entrado al canal
[2025-09-28 15:57:42] * Oscar45mlg ha entrado al canal
[2025-09-28 15:58:04] * ➡ Saliendo de #malaga
[2025-09-28 15:58:04] * akkiles4321 ha salido del canal
[2025-09-28 15:58:17] * Morenalhaurin ha entrado al canal
[2025-09-28 15:58:18] * ➡ Saliendo de #malaga
[2025-09-28 16:53:07] * akkiles4321 ha entrado al canal
[2025-09-28 16:53:55] * akkiles43211 ha entrado al canal
[2025-09-28 16:53:57] * akkiles43211 ha entrado al canal
[2025-09-28 16:54:17] * Malaguito ha entrado al canal
[2025-09-28 16:54:17] * Malaguito ha entrado al canal
[2025-09-28 16:55:41] * ➡ Saliendo de #malaga
[2025-09-28 16:55:41] * akkiles43211 ha salido del canal
[2025-09-28 16:55:55] * ➡ Saliendo de #malaga
[2025-09-29 03:10:37] * akkiles4321 ha entrado al canal
[2025-09-29 03:12:12] * akkiles43211 ha entrado al canal
[2025-09-29 03:12:14] * akkiles43211 ha entrado al canal
[2025-09-29 03:13:07] * Hombre31 ha entrado al canal
[2025-09-29 03:13:07] * Hombre31 ha entrado al canal
[2025-09-29 03:13:07] * Samir_arabes ha entrado al canal
[2025-09-29 03:13:07] * Samir_arabes ha entrado al canal
[2025-09-29 03:13:58] * Samuel40 ha entrado al canal
[2025-09-29 03:13:58] * Samuel40 ha entrado al canal
[2025-09-29 03:14:11] * ➡ Saliendo de #malaga
[2025-09-29 03:14:11] * akkiles4321 ha salido del canal
[2025-09-29 03:14:18] * ➡ Saliendo de #malaga
[2025-09-29 03:31:10] * akkiles43211 ha entrado al canal
[2025-09-29 03:31:24] * Hombre31 ha entrado al canal
[2025-09-29 03:33:38] * akkiles43212 ha entrado al canal
[2025-09-29 03:33:40] * akkiles43212 ha entrado al canal
[2025-09-29 03:38:28] * Hombre31 ha entrado al canal
[2025-09-29 03:38:28] * Hombre31 ha entrado al canal
[2025-09-29 03:38:43] * AltoAtractivoCsdo ha entrado al canal
[2025-09-29 03:38:43] * AltoAtractivoCsdo ha entrado al canal
[2025-09-29 03:41:42] * Cristian-dior ha entrado al canal
[2025-09-29 03:41:42] * Cristian-dior ha entrado al canal
[2025-09-29 03:41:46] * ➡ Saliendo de #malaga
[2025-09-29 03:41:46] * akkiles43212 ha salido del canal
[2025-09-29 03:41:54] * ➡ Saliendo de #malaga
[2025-09-29 03:57:38] * akkiles4321 ha entrado al canal
[2025-09-29 03:58:13] * akkiles43211 ha entrado al canal
[2025-09-29 03:58:15] * akkiles43211 ha entrado al canal
[2025-09-29 03:58:26] * Adan50 ha entrado al canal
[2025-09-29 03:58:26] * Adan50 ha entrado al canal
[2025-09-29 03:58:39] * Nudista51 ha entrado al canal
[2025-09-29 03:58:39] * Nudista51 ha entrado al canal
[2025-09-29 03:58:45] * Adan50 ha salido del canal
[2025-09-29 03:58:45] * Adan50 ha salido del canal
[2025-09-29 03:59:17] * Nudista51 ha salido del canal
[2025-09-29 03:59:17] * Nudista51 ha salido del canal
[2025-09-29 03:59:34] * quienay ha entrado al canal
[2025-09-29 03:59:34] * quienay ha entrado al canal
[2025-09-29 04:00:01] * ➡ Saliendo de #malaga
[2025-09-29 04:00:01] * akkiles43211 ha salido del canal
[2025-09-29 04:00:12] * ➡ Saliendo de #malaga
[2025-09-29 04:28:09] * akkiles4321 ha entrado al canal
[2025-09-29 04:29:03] * akkiles43211 ha entrado al canal
[2025-09-29 04:29:05] * akkiles43211 ha entrado al canal
[2025-09-29 04:31:56] * ➡ Saliendo de #malaga
[2025-09-29 04:31:56] * akkiles43211 ha salido del canal
[2025-09-29 04:32:02] * ➡ Saliendo de #malaga
[2025-09-29 06:00:55] * akkiles4321 ha entrado al canal
[2025-09-29 06:01:46] * akkiles43211 ha entrado al canal
[2025-09-29 06:01:48] * akkiles43211 ha entrado al canal
[2025-09-29 06:01:52] * manu_ ha entrado al canal
[2025-09-29 06:01:52] * manu_ ha entrado al canal
[2025-09-29 06:02:01] * Morenitoguapogym ha entrado al canal
[2025-09-29 06:02:01] * Morenitoguapogym ha entrado al canal
[2025-09-29 06:02:37] * Moreno_libre ha entrado al canal
[2025-09-29 06:02:37] * Moreno_libre ha entrado al canal
[2025-09-29 06:03:05] * ➡ Saliendo de #malaga
[2025-09-29 06:03:05] * akkiles4321 ha salido del canal
[2025-09-29 06:03:17] * ➡ Saliendo de #malaga
[2025-09-29 07:39:58] * akkiles43211 ha entrado al canal
[2025-09-29 07:40:04] * akkiles4321 ha entrado al canal
[2025-09-29 07:40:06] * akkiles4321 ha entrado al canal
[2025-09-29 07:41:41] * Agusstin ha entrado al canal
[2025-09-29 07:41:41] * Agusstin ha entrado al canal
[2025-09-29 07:42:04] * ➡ Saliendo de #malaga
[2025-09-29 07:42:04] * akkiles4321 ha salido del canal
[2025-09-29 07:42:11] * ➡ Saliendo de #malaga
[2025-09-29 08:45:49] * akkiles43211 ha entrado al canal
[2025-09-29 08:45:58] * akkiles4321 ha entrado al canal
[2025-09-29 08:46:00] * akkiles4321 ha entrado al canal
[2025-09-29 08:46:46] * Paco40 ha entrado al canal
[2025-09-29 08:46:46] * Paco40 ha entrado al canal
[2025-09-29 08:50:01] * Fj ha entrado al canal
[2025-09-29 08:50:01] * Fj ha entrado al canal
[2025-09-29 08:50:17] * Antoniomlg ha entrado al canal
[2025-09-29 08:50:17] * Antoniomlg ha entrado al canal
[2025-09-29 08:50:22] * ➡ Saliendo de #malaga
[2025-09-29 08:50:23] * akkiles43211 ha salido del canal
[2025-09-29 08:59:06] * akkiles4321 ha entrado al canal
[2025-09-29 08:59:16] * Albertooo ha entrado al canal
[2025-09-29 09:00:27] * akkiles43211 ha entrado al canal
[2025-09-29 09:00:29] * akkiles43211 ha entrado al canal
[2025-09-29 09:01:08] * Intenso ha entrado al canal
[2025-09-29 09:01:08] * Intenso ha entrado al canal
[2025-09-29 09:01:10] * Casado41mlg ha entrado al canal
[2025-09-29 09:01:10] * Casado41mlg ha entrado al canal
[2025-09-29 09:01:35] * Albertooo ha entrado al canal
[2025-09-29 09:01:35] * Albertooo ha entrado al canal
[2025-09-29 09:03:27] * ➡ Saliendo de #malaga
[2025-09-29 09:03:27] * akkiles43211 ha salido del canal
[2025-09-29 09:03:41] * ➡ Saliendo de #malaga
[2025-09-29 09:48:57] * akkiles4321 ha entrado al canal
[2025-09-29 09:49:22] * David ha entrado al canal
[2025-09-29 09:49:31] * Parxparmlg ha entrado al canal
[2025-09-29 09:49:35] * akkiles43211 ha entrado al canal
[2025-09-29 09:49:37] * akkiles43211 ha entrado al canal
[2025-09-29 09:49:50] * Hombre_mlg ha entrado al canal
[2025-09-29 09:49:50] * Hombre_mlg ha entrado al canal
[2025-09-29 09:50:00] * El-Malaga ha entrado al canal
[2025-09-29 09:50:00] * El-Malaga ha entrado al canal
[2025-09-29 09:52:10] * Lucas40 ha entrado al canal
[2025-09-29 09:52:10] * Lucas40 ha entrado al canal
[2025-09-29 09:52:14] * ➡ Saliendo de #malaga
[2025-09-29 09:52:14] * akkiles4321 ha salido del canal
[2025-09-29 09:52:18] * ➡ Saliendo de #malaga
[2025-09-29 12:01:50] * akkiles4321 ha entrado al canal
[2025-09-29 12:02:06] * morenitooficina ha entrado al canal
[2025-09-29 12:02:21] * Enamoradodelavida ha entrado al canal
[2025-09-29 12:03:09] * akkiles43211 ha entrado al canal
[2025-09-29 12:03:11] * akkiles43211 ha entrado al canal
[2025-09-29 12:03:43] * ➡ Saliendo de #malaga
[2025-09-29 12:07:21] * akkiles4321 ha entrado al canal
[2025-09-29 12:07:44] * Hombre_mlg ha entrado al canal
[2025-09-29 12:08:13] * akkiles43211 ha entrado al canal
[2025-09-29 12:08:15] * akkiles43211 ha entrado al canal
[2025-09-29 12:09:06] * Csdo50M ha entrado al canal
[2025-09-29 12:09:06] * Csdo50M ha entrado al canal
[2025-09-29 12:09:21] * ATRACTIVO-MADU ha salido del canal
[2025-09-29 12:09:21] * ATRACTIVO-MADU ha salido del canal
[2025-09-29 12:12:12] * Militar57malaga ha entrado al canal
[2025-09-29 12:12:12] * Militar57malaga ha entrado al canal
[2025-09-29 12:12:19] * casado50_-_ ha entrado al canal
[2025-09-29 12:12:19] * casado50_-_ ha entrado al canal
[2025-09-29 12:12:21] * Morenodeportista79 ha entrado al canal
[2025-09-29 12:12:21] * Morenodeportista79 ha entrado al canal
[2025-09-29 12:13:51] * akkiles43212 ha entrado al canal
[2025-09-29 12:13:51] * akkiles43212 ha entrado al canal
[2025-09-29 12:14:39] * Hombre_mlg ha entrado al canal
[2025-09-29 12:14:48] * Csdo50M ha entrado al canal
[2025-09-29 12:14:51] * ➡ Saliendo de #malaga
[2025-09-29 12:17:02] * akkiles43211 ha entrado al canal
[2025-09-29 12:17:22] * akkiles4321 ha entrado al canal
[2025-09-29 12:17:24] * akkiles4321 ha entrado al canal
[2025-09-29 12:17:35] * Colega44charla ha entrado al canal
[2025-09-29 12:17:35] * Colega44charla ha entrado al canal
[2025-09-29 12:17:41] * ➡ Saliendo de #malaga
[2025-09-29 12:17:41] * akkiles43211 ha salido del canal
[2025-09-29 12:17:45] * ➡ Saliendo de #malaga
[2025-09-29 12:34:21] * akkiles4321 ha entrado al canal
[2025-09-29 12:35:10] * mario41 ha entrado al canal
[2025-09-29 12:35:15] * akkiles43211 ha entrado al canal
[2025-09-29 12:35:17] * akkiles43211 ha entrado al canal
[2025-09-29 12:35:46] * ➡ Saliendo de #malaga
[2025-09-29 12:35:46] * akkiles4321 ha salido del canal
[2025-09-29 12:35:58] * ➡ Saliendo de #malaga
[2025-09-29 12:43:24] * akkiles43211 ha entrado al canal
[2025-09-29 12:43:27] * muchachomooreno ha entrado al canal
[2025-09-29 12:43:29] * Hombremlg40 ha entrado al canal
[2025-09-29 12:43:47] * akkiles4321 ha entrado al canal
[2025-09-29 12:43:49] * akkiles4321 ha entrado al canal
[2025-09-29 12:44:10] * ➡ Saliendo de #malaga
[2025-09-29 12:44:10] * akkiles4321 ha salido del canal
[2025-09-29 12:44:16] * ➡ Saliendo de #malaga
[2025-09-29 12:47:15] * akkiles4321 ha entrado al canal
[2025-09-29 12:47:23] * AltomorenoMLG ha entrado al canal
[2025-09-29 12:48:21] * ChicacosteraGranada42 ha entrado al canal
[2025-09-29 12:48:31] * Cristinamalaga ha entrado al canal
[2025-09-29 12:51:34] * FotografoMlg ha salido del canal
[2025-09-29 12:52:37] * MALAGA50 ha entrado al canal
[2025-09-29 12:53:04] * Doctor ha entrado al canal
[2025-09-29 12:53:43] * Paco62malaga ha entrado al canal
[2025-09-29 12:53:53] * Csdo50M ha entrado al canal
[2025-09-29 12:54:51] * Cigalero ha entrado al canal
[2025-09-29 12:56:19] * Colega44charla ha entrado al canal
[2025-09-29 12:56:58] * akkiles43211 ha entrado al canal
[2025-09-29 12:57:00] * akkiles43211 ha entrado al canal
[2025-09-29 12:57:05] * Morenomlg45 ha entrado al canal
[2025-09-29 12:57:05] * Morenomlg45 ha entrado al canal
[2025-09-29 12:57:11] * Nortton4 ha entrado al canal
[2025-09-29 12:57:11] * Nortton4 ha entrado al canal
[2025-09-29 12:57:18] * ➡ Saliendo de #malaga
[2025-09-29 12:57:18] * akkiles4321 ha salido del canal
[2025-09-29 12:57:23] * ➡ Saliendo de #malaga
[2025-09-29 13:07:44] * akkiles4321 ha entrado al canal
[2025-09-29 13:08:23] * Discapacitado45 ha entrado al canal
[2025-09-29 13:08:31] * akkiles43211 ha entrado al canal
[2025-09-29 13:08:33] * akkiles43211 ha entrado al canal
[2025-09-29 13:10:16] * ➡ Saliendo de #malaga
[2025-09-29 13:10:16] * akkiles43211 ha salido del canal
[2025-09-29 13:10:28] * ➡ Saliendo de #malaga
[2025-09-29 14:50:57] * akkiles4321 ha entrado al canal
[2025-09-29 14:52:06] * akkiles43211 ha entrado al canal
[2025-09-29 14:52:08] * akkiles43211 ha entrado al canal
[2025-09-29 14:52:11] * CasadoMLGTrabajando ha entrado al canal
[2025-09-29 14:52:11] * CasadoMLGTrabajando ha entrado al canal
[2025-09-29 14:53:50] * ➡ Saliendo de #malaga
[2025-09-29 14:53:50] * akkiles4321 ha salido del canal
[2025-09-29 14:53:55] * ➡ Saliendo de #malaga
