[2025-09-27 15:12:20] <Yo> hola
[2025-09-27 15:19:26] <Yo> hola
[2025-09-27 15:25:33] <Yo> hola
[2025-09-27 16:14:04] <Yo> hola
[2025-09-27 16:19:12] <Yo> hola
[2025-09-27 16:40:56] <Yo> hola
[2025-09-27 19:06:56] <Yo> hola
[2025-09-27 19:07:06] <Yo> ke tal
[2025-09-27 19:08:20] <Yo> hola
[2025-09-28 08:01:22] <Yo> hola
[2025-09-28 09:38:09] <Yo> hola
[2025-09-28 10:25:07] <Yo> hola
[2025-09-28 10:50:01] <Yo> ola como estas
[2025-09-28 12:11:39] <Yo> hola
[2025-09-28 12:21:33] <Yo> hola ke tal
[2025-09-28 12:41:22] <Yo> hola ke tal?
[2025-09-28 13:52:25] <Yo> hola
[2025-09-28 14:11:09] <Yo> hola ke tal?
[2025-09-28 14:33:57] <Yo> que pasa neng
[2025-09-28 15:56:19] <Yo> hola ke tal?
[2025-09-28 16:54:13] <Yo> hola
[2025-09-29 03:12:42] <Yo> hola ke tal?
[2025-09-29 03:34:27] <Yo> bien y tu
[2025-09-29 03:58:35] <Yo> hola
[2025-09-29 04:29:38] <Yo> hola ke tal?
[2025-09-29 04:30:53] <Yo> soy emisor
