[2025-09-27 15:11:47] <Yo> hola
[2025-09-27 15:16:09] <Yo> hola
[2025-09-27 15:18:58] <Yo> hola
[2025-09-27 15:26:55] <Yo> hola
[2025-09-27 15:55:50] <Yo> hola
[2025-09-27 16:13:56] <Yo> hola
[2025-09-27 16:19:31] <Yo> hola
[2025-09-27 16:40:33] <Yo> hola
[2025-09-27 16:41:09] <Yo> hola
[2025-09-27 16:41:10] <Yo> hola
[2025-09-27 19:07:11] <Yo> bien todo bien
[2025-09-28 08:01:46] <Yo> ke tal?
[2025-09-28 09:38:17] <Yo> ke tal?
[2025-09-28 10:25:16] <Yo> ke tal?
[2025-09-28 10:33:00] <Yo> ke tal?
[2025-09-28 10:49:49] <Yo> hola ke al?
[2025-09-28 10:57:47] <Yo> bien gracias
[2025-09-28 12:11:57] <Yo> ke tal?
[2025-09-28 12:21:46] <Yo> bien bien
[2025-09-28 12:41:35] <Yo> bien gracias
[2025-09-28 13:52:33] <Yo> hola ke tal?
[2025-09-28 14:11:20] <Yo> bien gracias
[2025-09-28 14:34:07] <Yo> aki tamos
[2025-09-28 15:56:32] <Yo> hola si si nos vamos a madrid
[2025-09-28 16:54:25] <Yo> ke tal
[2025-09-29 03:12:50] <Yo> ke pasa
[2025-09-29 03:59:01] <Yo> hola ke tal
[2025-09-29 04:29:47] <Yo> bien y tu
[2025-09-29 04:31:04] <Yo> yo soy receptor
[2025-09-29 06:02:13] <Yo> ke tal?
[2025-09-29 07:40:37] <Yo> hola ke tal?
[2025-09-29 07:41:06] <Yo> hola ke tal?
[2025-09-29 08:46:22] <Yo> bien y tu?
[2025-09-29 08:46:35] <akkiles4321> si si nos vamos a madrid
[2025-09-29 08:47:31] <akkiles4321> hola
[2025-09-29 08:47:46] <Yo> hola
[2025-09-29 08:47:51] <akkiles4321> ke tal
[2025-09-29 08:47:56] <Yo> bien y tu
[2025-09-29 08:49:31] <akkiles4321> hola
[2025-09-29 08:49:37] <Yo> ke tal?
[2025-09-29 09:00:59] <Yo> ke tal?
[2025-09-29 09:01:21] <Yo> todo bien?
[2025-09-29 09:49:57] <Yo> ke pasa
[2025-09-29 09:51:23] <Yo> si
[2025-09-29 09:51:36] <Yo> hola
[2025-09-29 09:51:54] <Yo> ke pasa
